Unable to find image 'leilaoutem/rtools_stat:v2020.11.22' locally
v2020.11.22: Pulling from leilaoutem/rtools_stat
a919358b170f: Pulling fs layer
ba1a676142d9: Pulling fs layer
dfbe917a25f5: Pulling fs layer
02fdbdc08d50: Pulling fs layer
cd7e3fa43e35: Pulling fs layer
5d0808418726: Pulling fs layer
4a227dd79ec8: Pulling fs layer
02fdbdc08d50: Waiting
4a227dd79ec8: Waiting
cd7e3fa43e35: Waiting
5d0808418726: Waiting
ba1a676142d9: Verifying Checksum
ba1a676142d9: Download complete
02fdbdc08d50: Verifying Checksum
02fdbdc08d50: Download complete
cd7e3fa43e35: Verifying Checksum
cd7e3fa43e35: Download complete
dfbe917a25f5: Verifying Checksum
dfbe917a25f5: Download complete
a919358b170f: Verifying Checksum
a919358b170f: Download complete
a919358b170f: Pull complete
ba1a676142d9: Pull complete
dfbe917a25f5: Pull complete
02fdbdc08d50: Pull complete
cd7e3fa43e35: Pull complete
4a227dd79ec8: Verifying Checksum
4a227dd79ec8: Download complete
5d0808418726: Verifying Checksum
5d0808418726: Download complete
5d0808418726: Pull complete
4a227dd79ec8: Pull complete
Digest: sha256:33714d529adebd13ab87abbade4d0a6f7bd0855ca60ee79fc74eb0cdd506ada5
Status: Downloaded newer image for leilaoutem/rtools_stat:v2020.11.22
Loading required package: S4Vectors
Loading required package: stats4
Loading required package: BiocGenerics
Loading required package: parallel

Attaching package: ‘BiocGenerics’

The following objects are masked from ‘package:parallel’:

    clusterApply, clusterApplyLB, clusterCall, clusterEvalQ,
    clusterExport, clusterMap, parApply, parCapply, parLapply,
    parLapplyLB, parRapply, parSapply, parSapplyLB

The following objects are masked from ‘package:stats’:

    IQR, mad, sd, var, xtabs

The following objects are masked from ‘package:base’:

    anyDuplicated, append, as.data.frame, basename, cbind, colnames,
    dirname, do.call, duplicated, eval, evalq, Filter, Find, get, grep,
    grepl, intersect, is.unsorted, lapply, Map, mapply, match, mget,
    order, paste, pmax, pmax.int, pmin, pmin.int, Position, rank,
    rbind, Reduce, rownames, sapply, setdiff, sort, table, tapply,
    union, unique, unsplit, which.max, which.min


Attaching package: ‘S4Vectors’

The following object is masked from ‘package:base’:

    expand.grid

Loading required package: IRanges
Loading required package: GenomicRanges
Loading required package: GenomeInfoDb
Loading required package: SummarizedExperiment
Loading required package: MatrixGenerics
Loading required package: matrixStats

Attaching package: ‘MatrixGenerics’

The following objects are masked from ‘package:matrixStats’:

    colAlls, colAnyNAs, colAnys, colAvgsPerRowSet, colCollapse,
    colCounts, colCummaxs, colCummins, colCumprods, colCumsums,
    colDiffs, colIQRDiffs, colIQRs, colLogSumExps, colMadDiffs,
    colMads, colMaxs, colMeans2, colMedians, colMins, colOrderStats,
    colProds, colQuantiles, colRanges, colRanks, colSdDiffs, colSds,
    colSums2, colTabulates, colVarDiffs, colVars, colWeightedMads,
    colWeightedMeans, colWeightedMedians, colWeightedSds,
    colWeightedVars, rowAlls, rowAnyNAs, rowAnys, rowAvgsPerColSet,
    rowCollapse, rowCounts, rowCummaxs, rowCummins, rowCumprods,
    rowCumsums, rowDiffs, rowIQRDiffs, rowIQRs, rowLogSumExps,
    rowMadDiffs, rowMads, rowMaxs, rowMeans2, rowMedians, rowMins,
    rowOrderStats, rowProds, rowQuantiles, rowRanges, rowRanks,
    rowSdDiffs, rowSds, rowSums2, rowTabulates, rowVarDiffs, rowVars,
    rowWeightedMads, rowWeightedMeans, rowWeightedMedians,
    rowWeightedSds, rowWeightedVars

Loading required package: Biobase
Welcome to Bioconductor

    Vignettes contain introductory material; view with
    'browseVignettes()'. To cite Bioconductor, see
    'citation("Biobase")', and for packages 'citation("pkgname")'.


Attaching package: ‘Biobase’

The following object is masked from ‘package:MatrixGenerics’:

    rowMedians

The following objects are masked from ‘package:matrixStats’:

    anyMissing, rowMedians

Loading required package: ggplot2
Welcome! Want to learn more? See two factoextra-related books at https://goo.gl/ve3WBa
estimating size factors
estimating dispersions
gene-wise dispersion estimates
mean-dispersion relationship
final dispersion estimates
fitting model and testing
pdf 
  2 
